Assembler report for Nios2Core2
Fri Nov 06 11:17:21 2015
Quartus II 64-Bit Version 14.1.0 Build 186 12/03/2014 SJ Full Version


---------------------
; Table of Contents ;
---------------------
  1. Legal Notice
  2. Assembler Summary
  3. Assembler Settings
  4. Assembler Encrypted IP Cores Summary
  5. Assembler Generated Files
  6. Assembler Device Options: E:/MyProject/My_project/Altera/Niso2Core2/output_files/Nios2Core2.sof
  7. Assembler Device Options: E:/MyProject/My_project/Altera/Niso2Core2/output_files/Nios2Core2.pof
  8. Assembler Messages



----------------
; Legal Notice ;
----------------
Copyright (C) 1991-2014 Altera Corporation. All rights reserved.
Your use of Altera Corporation's design tools, logic functions 
and other software and tools, and its AMPP partner logic 
functions, and any output files from any of the foregoing 
(including device programming or simulation files), and any 
associated documentation or information are expressly subject 
to the terms and conditions of the Altera Program License 
Subscription Agreement, the Altera Quartus II License Agreement,
the Altera MegaCore Function License Agreement, or other 
applicable license agreement, including, without limitation, 
that your use is for the sole purpose of programming logic 
devices manufactured by Altera and sold by Altera or its 
authorized distributors.  Please refer to the applicable 
agreement for further details.



+---------------------------------------------------------------+
; Assembler Summary                                             ;
+-----------------------+---------------------------------------+
; Assembler Status      ; Successful - Fri Nov 06 11:17:21 2015 ;
; Revision Name         ; Nios2Core2                            ;
; Top-level Entity Name ; Nios2Core2                            ;
; Family                ; Cyclone IV E                          ;
; Device                ; EP4CE15F17C8                          ;
+-----------------------+---------------------------------------+


+----------------------------------+
; Assembler Settings               ;
+--------+---------+---------------+
; Option ; Setting ; Default Value ;
+--------+---------+---------------+


+-------------------------------------------------------+
; Assembler Encrypted IP Cores Summary                  ;
+--------+-------------------------------+--------------+
; Vendor ; IP Core Name                  ; License Type ;
+--------+-------------------------------+--------------+
; Altera ; Nios II Processor (6AF7 00A2) ; Licensed     ;
; Altera ; Signal Tap (6AF7 BCE1)        ; Licensed     ;
; Altera ; Signal Tap (6AF7 BCEC)        ; Licensed     ;
+--------+-------------------------------+--------------+


+-----------------------------------------------------------------------+
; Assembler Generated Files                                             ;
+-----------------------------------------------------------------------+
; File Name                                                             ;
+-----------------------------------------------------------------------+
; E:/MyProject/My_project/Altera/Niso2Core2/output_files/Nios2Core2.sof ;
; E:/MyProject/My_project/Altera/Niso2Core2/output_files/Nios2Core2.pof ;
+-----------------------------------------------------------------------+


+-------------------------------------------------------------------------------------------------+
; Assembler Device Options: E:/MyProject/My_project/Altera/Niso2Core2/output_files/Nios2Core2.sof ;
+----------------+--------------------------------------------------------------------------------+
; Option         ; Setting                                                                        ;
+----------------+--------------------------------------------------------------------------------+
; Device         ; EP4CE15F17C8                                                                   ;
; JTAG usercode  ; 0x0037FFAA                                                                     ;
; Checksum       ; 0x0037FFAA                                                                     ;
+----------------+--------------------------------------------------------------------------------+


+-------------------------------------------------------------------------------------------------+
; Assembler Device Options: E:/MyProject/My_project/Altera/Niso2Core2/output_files/Nios2Core2.pof ;
+--------------------+----------------------------------------------------------------------------+
; Option             ; Setting                                                                    ;
+--------------------+----------------------------------------------------------------------------+
; Device             ; EPCS64                                                                     ;
; JTAG usercode      ; 0x00000000                                                                 ;
; Checksum           ; 0x7D1804C3                                                                 ;
; Compression Ratio  ; 2                                                                          ;
+--------------------+----------------------------------------------------------------------------+


+--------------------+
; Assembler Messages ;
+--------------------+
Info: *******************************************************************
Info: Running Quartus II 64-Bit Assembler
    Info: Version 14.1.0 Build 186 12/03/2014 SJ Full Version
    Info: Processing started: Fri Nov 06 11:17:19 2015
Info: Command: quartus_asm --read_settings_files=off --write_settings_files=off Nios2Core2 -c Nios2Core2
Info (115031): Writing out detailed assembly data for power analysis
Info (115030): Assembler is generating device programming files
Warning (12914): The file, E:/MyProject/My_project/Altera/Niso2Core2/db/ip/cpu2core/../../../cpu2core.sopcinfo, is not embedded into sof file as expected.  Some tool, such as SystemConsole, may not function fully.
Info: Quartus II 64-Bit Assembler was successful. 0 errors, 1 warning
    Info: Peak virtual memory: 588 megabytes
    Info: Processing ended: Fri Nov 06 11:17:21 2015
    Info: Elapsed time: 00:00:02
    Info: Total CPU time (on all processors): 00:00:03


